group59/app/build/intermediates/manifest_merge_blame_file/debug/manifest-merger-blame-debug-report.txt
1<?xml version="1.0" encoding="utf-8"?>
2<manifest xmlns:android="http://schemas.android.com/apk/res/android"
3    package="com.group59.studentCourseHelper"
4    android:versionCode="1"
5    android:versionName="1.0" >
6
7    <uses-sdk
8        android:minSdkVersion="19"
8-->src/main/AndroidManifest.xml
9        android:targetSdkVersion="29" />
9-->src/main/AndroidManifest.xml
10
11    <uses-permission android:name="android.permission.WRITE_EXTERNAL_STORAGE" />
11-->src/main/AndroidManifest.xml:5:5-81
11-->src/main/AndroidManifest.xml:5:22-78
12    <uses-permission android:name="android.permission.INTERNET" />
12-->src/main/AndroidManifest.xml:6:5-67
12-->src/main/AndroidManifest.xml:6:22-64
13
14    <!-- Although the *SdkVersion is captured in gradle build files, this is required for non gradle builds -->
15    <!-- <uses-sdk android:minSdkVersion="14"/> -->
16    <uses-permission android:name="android.permission.ACCESS_NETWORK_STATE" />
16-->[com.google.firebase:firebase-database:19.1.0] AndroidManifest.xml:25:5-79
16-->[com.google.firebase:firebase-database:19.1.0] AndroidManifest.xml:25:22-76
17    <uses-permission android:name="android.permission.WAKE_LOCK" /> <!-- Required by older versions of Google Play services to create IID tokens -->
17-->[com.google.android.gms:play-services-measurement-api:17.2.0] AndroidManifest.xml:24:5-68
17-->[com.google.android.gms:play-services-measurement-api:17.2.0] AndroidManifest.xml:24:22-65
18    <uses-permission android:name="com.google.android.c2dm.permission.RECEIVE" />
18-->[com.google.firebase:firebase-iid:19.0.0] AndroidManifest.xml:26:5-82
18-->[com.google.firebase:firebase-iid:19.0.0] AndroidManifest.xml:26:22-79
19    <uses-permission android:name="com.google.android.finsky.permission.BIND_GET_INSTALL_REFERRER_SERVICE" />
19-->[com.google.android.gms:play-services-measurement:17.2.0] AndroidManifest.xml:26:5-110
19-->[com.google.android.gms:play-services-measurement:17.2.0] AndroidManifest.xml:26:22-107
20
21    <application
21-->src/main/AndroidManifest.xml:8:5-34:19
22        android:allowBackup="true"
22-->src/main/AndroidManifest.xml:9:9-35
23        android:appComponentFactory="androidx.core.app.CoreComponentFactory"
23-->[androidx.core:core:1.1.0] AndroidManifest.xml:24:18-86
24        android:debuggable="true"
25        android:icon="@mipmap/ic_launcher"
25-->src/main/AndroidManifest.xml:10:9-43
26        android:label="@string/app_name"
26-->src/main/AndroidManifest.xml:11:9-41
27        android:roundIcon="@mipmap/ic_launcher_round"
27-->src/main/AndroidManifest.xml:12:9-54
28        android:supportsRtl="true"
28-->src/main/AndroidManifest.xml:13:9-35
29        android:testOnly="true"
30        android:theme="@style/AppTheme" >
30-->src/main/AndroidManifest.xml:14:9-40
31        <activity
31-->src/main/AndroidManifest.xml:15:9-21:20
32            android:name="com.group59.studentCourseHelper.data.ui.register.RegisterActivity"
32-->src/main/AndroidManifest.xml:15:19-68
33            android:parentActivityName="com.group59.studentCourseHelper.data.ui.login.LoginActivity" >
33-->src/main/AndroidManifest.xml:16:13-70
34
35            <!-- The meta-data tag is required if you support API level 15 and lower -->
36            <meta-data
36-->src/main/AndroidManifest.xml:18:13-20:64
37                android:name="android.support.PARENT_ACTIVITY"
37-->src/main/AndroidManifest.xml:19:17-63
38                android:value=".data.ui.login.LoginActivity" />
38-->src/main/AndroidManifest.xml:20:17-61
39        </activity>
40        <activity
40-->src/main/AndroidManifest.xml:22:9-24:59
41            android:name="com.group59.studentCourseHelper.data.Home"
41-->src/main/AndroidManifest.xml:23:13-38
42            android:label="@string/title_activity_home" />
42-->src/main/AndroidManifest.xml:24:13-56
43        <activity
43-->src/main/AndroidManifest.xml:25:9-33:20
44            android:name="com.group59.studentCourseHelper.data.ui.login.LoginActivity"
44-->src/main/AndroidManifest.xml:26:13-56
45            android:label="@string/app_name" >
45-->src/main/AndroidManifest.xml:27:13-45
46            <intent-filter>
46-->src/main/AndroidManifest.xml:28:13-32:29
47                <action android:name="android.intent.action.MAIN" />
47-->src/main/AndroidManifest.xml:29:17-69
47-->src/main/AndroidManifest.xml:29:25-66
48
49                <category android:name="android.intent.category.LAUNCHER" />
49-->src/main/AndroidManifest.xml:31:17-77
49-->src/main/AndroidManifest.xml:31:27-74
50            </intent-filter>
51        </activity>
52
53        <service
53-->[com.google.firebase:firebase-database:19.1.0] AndroidManifest.xml:29:9-35:19
54            android:name="com.google.firebase.components.ComponentDiscoveryService"
54-->[com.google.firebase:firebase-database:19.1.0] AndroidManifest.xml:30:13-84
55            android:directBootAware="true"
55-->[com.google.firebase:firebase-common:19.1.0] AndroidManifest.xml:14:13-43
56            android:exported="false" >
56-->[com.google.firebase:firebase-database:19.1.0] AndroidManifest.xml:31:13-37
57            <meta-data
57-->[com.google.firebase:firebase-database:19.1.0] AndroidManifest.xml:32:13-34:85
58                android:name="com.google.firebase.components:com.google.firebase.database.DatabaseRegistrar"
58-->[com.google.firebase:firebase-database:19.1.0] AndroidManifest.xml:33:17-109
59                android:value="com.google.firebase.components.ComponentRegistrar" />
59-->[com.google.firebase:firebase-database:19.1.0] AndroidManifest.xml:34:17-82
60            <meta-data
60-->[com.google.firebase:firebase-storage:19.1.0] AndroidManifest.xml:33:13-35:85
61                android:name="com.google.firebase.components:com.google.firebase.storage.StorageRegistrar"
61-->[com.google.firebase:firebase-storage:19.1.0] AndroidManifest.xml:34:17-107
62                android:value="com.google.firebase.components.ComponentRegistrar" />
62-->[com.google.firebase:firebase-storage:19.1.0] AndroidManifest.xml:35:17-82
63            <meta-data
63-->[com.google.firebase:firebase-auth:19.1.0] AndroidManifest.xml:36:13-38:85
64                android:name="com.google.firebase.components:com.google.firebase.auth.FirebaseAuthRegistrar"
64-->[com.google.firebase:firebase-auth:19.1.0] AndroidManifest.xml:37:17-109
65                android:value="com.google.firebase.components.ComponentRegistrar" />
65-->[com.google.firebase:firebase-auth:19.1.0] AndroidManifest.xml:38:17-82
66            <meta-data
66-->[com.google.android.gms:play-services-measurement-api:17.2.0] AndroidManifest.xml:30:13-32:85
67                android:name="com.google.firebase.components:com.google.firebase.analytics.connector.internal.AnalyticsConnectorRegistrar"
67-->[com.google.android.gms:play-services-measurement-api:17.2.0] AndroidManifest.xml:31:17-139
68                android:value="com.google.firebase.components.ComponentRegistrar" />
68-->[com.google.android.gms:play-services-measurement-api:17.2.0] AndroidManifest.xml:32:17-82
69            <meta-data
69-->[com.google.firebase:firebase-iid:19.0.0] AndroidManifest.xml:32:13-34:85
70                android:name="com.google.firebase.components:com.google.firebase.iid.Registrar"
70-->[com.google.firebase:firebase-iid:19.0.0] AndroidManifest.xml:33:17-96
71                android:value="com.google.firebase.components.ComponentRegistrar" />
71-->[com.google.firebase:firebase-iid:19.0.0] AndroidManifest.xml:34:17-82
72        </service>
73
74        <activity
74-->[com.google.firebase:firebase-auth:19.1.0] AndroidManifest.xml:24:9-31:50
75            android:name="com.google.firebase.auth.internal.FederatedSignInActivity"
75-->[com.google.firebase:firebase-auth:19.1.0] AndroidManifest.xml:25:13-85
76            android:excludeFromRecents="true"
76-->[com.google.firebase:firebase-auth:19.1.0] AndroidManifest.xml:26:13-46
77            android:exported="true"
77-->[com.google.firebase:firebase-auth:19.1.0] AndroidManifest.xml:27:13-36
78            android:launchMode="singleTask"
78-->[com.google.firebase:firebase-auth:19.1.0] AndroidManifest.xml:28:13-44
79            android:permission="com.google.firebase.auth.api.gms.permission.LAUNCH_FEDERATED_SIGN_IN"
79-->[com.google.firebase:firebase-auth:19.1.0] AndroidManifest.xml:29:13-102
80            android:theme="@android:style/Theme.Translucent.NoTitleBar" />
80-->[com.google.firebase:firebase-auth:19.1.0] AndroidManifest.xml:30:13-72
81
82        <receiver
82-->[com.google.firebase:firebase-iid:19.0.0] AndroidManifest.xml:37:9-44:20
83            android:name="com.google.firebase.iid.FirebaseInstanceIdReceiver"
83-->[com.google.firebase:firebase-iid:19.0.0] AndroidManifest.xml:38:13-78
84            android:exported="true"
84-->[com.google.firebase:firebase-iid:19.0.0] AndroidManifest.xml:39:13-36
85            android:permission="com.google.android.c2dm.permission.SEND" >
85-->[com.google.firebase:firebase-iid:19.0.0] AndroidManifest.xml:40:13-73
86            <intent-filter>
86-->[com.google.firebase:firebase-iid:19.0.0] AndroidManifest.xml:41:13-43:29
87                <action android:name="com.google.android.c2dm.intent.RECEIVE" />
87-->[com.google.firebase:firebase-iid:19.0.0] AndroidManifest.xml:42:17-81
87-->[com.google.firebase:firebase-iid:19.0.0] AndroidManifest.xml:42:25-78
88            </intent-filter>
89        </receiver>
90
91        <activity
91-->[com.google.android.gms:play-services-base:17.1.0] AndroidManifest.xml:23:9-26:75
92            android:name="com.google.android.gms.common.api.GoogleApiActivity"
92-->[com.google.android.gms:play-services-base:17.1.0] AndroidManifest.xml:24:13-79
93            android:exported="false"
93-->[com.google.android.gms:play-services-base:17.1.0] AndroidManifest.xml:25:13-37
94            android:theme="@android:style/Theme.Translucent.NoTitleBar" />
94-->[com.google.android.gms:play-services-base:17.1.0] AndroidManifest.xml:26:13-72
95
96        <receiver
96-->[com.google.android.gms:play-services-measurement:17.2.0] AndroidManifest.xml:29:9-33:20
97            android:name="com.google.android.gms.measurement.AppMeasurementReceiver"
97-->[com.google.android.gms:play-services-measurement:17.2.0] AndroidManifest.xml:30:13-85
98            android:enabled="true"
98-->[com.google.android.gms:play-services-measurement:17.2.0] AndroidManifest.xml:31:13-35
99            android:exported="false" >
99-->[com.google.android.gms:play-services-measurement:17.2.0] AndroidManifest.xml:32:13-37
100        </receiver>
101        <receiver
101-->[com.google.android.gms:play-services-measurement:17.2.0] AndroidManifest.xml:34:9-42:20
102            android:name="com.google.android.gms.measurement.AppMeasurementInstallReferrerReceiver"
102-->[com.google.android.gms:play-services-measurement:17.2.0] AndroidManifest.xml:35:13-100
103            android:enabled="true"
103-->[com.google.android.gms:play-services-measurement:17.2.0] AndroidManifest.xml:36:13-35
104            android:exported="true"
104-->[com.google.android.gms:play-services-measurement:17.2.0] AndroidManifest.xml:37:13-36
105            android:permission="android.permission.INSTALL_PACKAGES" >
105-->[com.google.android.gms:play-services-measurement:17.2.0] AndroidManifest.xml:38:13-69
106            <intent-filter>
106-->[com.google.android.gms:play-services-measurement:17.2.0] AndroidManifest.xml:39:13-41:29
107                <action android:name="com.android.vending.INSTALL_REFERRER" />
107-->[com.google.android.gms:play-services-measurement:17.2.0] AndroidManifest.xml:40:17-79
107-->[com.google.android.gms:play-services-measurement:17.2.0] AndroidManifest.xml:40:25-76
108            </intent-filter>
109        </receiver>
110
111        <service
111-->[com.google.android.gms:play-services-measurement:17.2.0] AndroidManifest.xml:44:9-47:40
112            android:name="com.google.android.gms.measurement.AppMeasurementService"
112-->[com.google.android.gms:play-services-measurement:17.2.0] AndroidManifest.xml:45:13-84
113            android:enabled="true"
113-->[com.google.android.gms:play-services-measurement:17.2.0] AndroidManifest.xml:46:13-35
114            android:exported="false" />
114-->[com.google.android.gms:play-services-measurement:17.2.0] AndroidManifest.xml:47:13-37
115        <service
115-->[com.google.android.gms:play-services-measurement:17.2.0] AndroidManifest.xml:48:9-52:72
116            android:name="com.google.android.gms.measurement.AppMeasurementJobService"
116-->[com.google.android.gms:play-services-measurement:17.2.0] AndroidManifest.xml:49:13-87
117            android:enabled="true"
117-->[com.google.android.gms:play-services-measurement:17.2.0] AndroidManifest.xml:50:13-35
118            android:exported="false"
118-->[com.google.android.gms:play-services-measurement:17.2.0] AndroidManifest.xml:51:13-37
119            android:permission="android.permission.BIND_JOB_SERVICE" />
119-->[com.google.android.gms:play-services-measurement:17.2.0] AndroidManifest.xml:52:13-69
120
121        <provider
121-->[com.google.firebase:firebase-common:19.1.0] AndroidManifest.xml:17:9-21:39
122            android:name="com.google.firebase.provider.FirebaseInitProvider"
122-->[com.google.firebase:firebase-common:19.1.0] AndroidManifest.xml:18:13-77
123            android:authorities="com.group59.studentCourseHelper.firebaseinitprovider"
123-->[com.google.firebase:firebase-common:19.1.0] AndroidManifest.xml:19:13-72
124            android:exported="false"
124-->[com.google.firebase:firebase-common:19.1.0] AndroidManifest.xml:20:13-37
125            android:initOrder="100" />
125-->[com.google.firebase:firebase-common:19.1.0] AndroidManifest.xml:21:13-36
126
127        <meta-data
127-->[com.google.android.gms:play-services-basement:17.0.0] AndroidManifest.xml:23:9-25:69
128            android:name="com.google.android.gms.version"
128-->[com.google.android.gms:play-services-basement:17.0.0] AndroidManifest.xml:24:13-58
129            android:value="@integer/google_play_services_version" />
129-->[com.google.android.gms:play-services-basement:17.0.0] AndroidManifest.xml:25:13-66
130
131        <provider
131-->[androidx.lifecycle:lifecycle-process:2.1.0] AndroidManifest.xml:23:9-27:43
132            android:name="androidx.lifecycle.ProcessLifecycleOwnerInitializer"
132-->[androidx.lifecycle:lifecycle-process:2.1.0] AndroidManifest.xml:24:13-79
133            android:authorities="com.group59.studentCourseHelper.lifecycle-process"
133-->[androidx.lifecycle:lifecycle-process:2.1.0] AndroidManifest.xml:25:13-69
134            android:exported="false"
134-->[androidx.lifecycle:lifecycle-process:2.1.0] AndroidManifest.xml:26:13-37
135            android:multiprocess="true" />
135-->[androidx.lifecycle:lifecycle-process:2.1.0] AndroidManifest.xml:27:13-40
136    </application>
137
138</manifest>